  Transform.cpp
  Picking.cpp
  MeshContainer.cpp
c:\users\shout\desktop\과제\팀폴-귀칼\demon_slayer\귀칼\engine\private\meshcontainer.cpp(527): warning C4101: 'fU' :참조되지 않은 지역 변수입니다.
c:\users\shout\desktop\과제\팀폴-귀칼\demon_slayer\귀칼\engine\private\meshcontainer.cpp(527): warning C4101: 'fV' :참조되지 않은 지역 변수입니다.
  Renderer.cpp
c:\users\shout\desktop\과제\팀폴-귀칼\demon_slayer\귀칼\engine\private\renderer.cpp(34): warning C4244: '초기화 중': 'FLOAT'에서 'Engine::_uint'(으)로 변환하면서 데이터가 손실될 수 있습니다.
c:\users\shout\desktop\과제\팀폴-귀칼\demon_slayer\귀칼\engine\private\renderer.cpp(35): warning C4244: '초기화 중': 'FLOAT'에서 'Engine::_uint'(으)로 변환하면서 데이터가 손실될 수 있습니다.
c:\users\shout\desktop\과제\팀폴-귀칼\demon_slayer\귀칼\engine\private\renderer.cpp(46): warning C4244: '인수': 'FLOAT'에서 'Engine::_uint'(으)로 변환하면서 데이터가 손실될 수 있습니다.
c:\users\shout\desktop\과제\팀폴-귀칼\demon_slayer\귀칼\engine\private\renderer.cpp(51): warning C4244: '인수': 'FLOAT'에서 'Engine::_uint'(으)로 변환하면서 데이터가 손실될 수 있습니다.
c:\users\shout\desktop\과제\팀폴-귀칼\demon_slayer\귀칼\engine\private\renderer.cpp(56): warning C4244: '인수': 'FLOAT'에서 'Engine::_uint'(으)로 변환하면서 데이터가 손실될 수 있습니다.
c:\users\shout\desktop\과제\팀폴-귀칼\demon_slayer\귀칼\engine\private\renderer.cpp(61): warning C4244: '인수': 'FLOAT'에서 'Engine::_uint'(으)로 변환하면서 데이터가 손실될 수 있습니다.
c:\users\shout\desktop\과제\팀폴-귀칼\demon_slayer\귀칼\engine\private\renderer.cpp(66): warning C4244: '인수': 'FLOAT'에서 'Engine::_uint'(으)로 변환하면서 데이터가 손실될 수 있습니다.
  Level_Manager.cpp
  GameObject.cpp
  GameInstance.cpp
  Component_Manager.cpp
  Collider.cpp
  Camera.cpp
  코드를 생성하고 있습니다...
  LINK : ..\Bin\Engine.dll을(를) 찾을 수 없거나 마지막 증분 링크에 의해 빌드되지 않았습니다. 전체 링크를 수행하고 있습니다.
     ..\Bin\Engine.lib 라이브러리 및 ..\Bin\Engine.exp 개체를 생성하고 있습니다.
Effects11d.lib(d3dxGlobal.obj) : warning LNK4099: 'Effects11d.pdb' PDB를 'Effects11d.lib(d3dxGlobal.obj)' 또는 'C:\Users\shout\Desktop\과제\팀폴-귀칼\Demon_Slayer\귀칼\Engine\Bin\Effects11d.pdb'에서 찾을 수 없습니다. 디버그 정보가 없는 것처럼 개체를 링크합니다.
Effects11d.lib(EffectAPI.obj) : warning LNK4099: 'Effects11d.pdb' PDB를 'Effects11d.lib(EffectAPI.obj)' 또는 'C:\Users\shout\Desktop\과제\팀폴-귀칼\Demon_Slayer\귀칼\Engine\Bin\Effects11d.pdb'에서 찾을 수 없습니다. 디버그 정보가 없는 것처럼 개체를 링크합니다.
Effects11d.lib(EffectLoad.obj) : warning LNK4099: 'Effects11d.pdb' PDB를 'Effects11d.lib(EffectLoad.obj)' 또는 'C:\Users\shout\Desktop\과제\팀폴-귀칼\Demon_Slayer\귀칼\Engine\Bin\Effects11d.pdb'에서 찾을 수 없습니다. 디버그 정보가 없는 것처럼 개체를 링크합니다.
Effects11d.lib(EffectNonRuntime.obj) : warning LNK4099: 'Effects11d.pdb' PDB를 'Effects11d.lib(EffectNonRuntime.obj)' 또는 'C:\Users\shout\Desktop\과제\팀폴-귀칼\Demon_Slayer\귀칼\Engine\Bin\Effects11d.pdb'에서 찾을 수 없습니다. 디버그 정보가 없는 것처럼 개체를 링크합니다.
Effects11d.lib(EffectReflection.obj) : warning LNK4099: 'Effects11d.pdb' PDB를 'Effects11d.lib(EffectReflection.obj)' 또는 'C:\Users\shout\Desktop\과제\팀폴-귀칼\Demon_Slayer\귀칼\Engine\Bin\Effects11d.pdb'에서 찾을 수 없습니다. 디버그 정보가 없는 것처럼 개체를 링크합니다.
Effects11d.lib(EffectRuntime.obj) : warning LNK4099: 'Effects11d.pdb' PDB를 'Effects11d.lib(EffectRuntime.obj)' 또는 'C:\Users\shout\Desktop\과제\팀폴-귀칼\Demon_Slayer\귀칼\Engine\Bin\Effects11d.pdb'에서 찾을 수 없습니다. 디버그 정보가 없는 것처럼 개체를 링크합니다.
DirectXTKd.lib(BasicEffect.obj) : warning LNK4099: 'DirectXTK.pdb' PDB를 'DirectXTKd.lib(BasicEffect.obj)' 또는 'C:\Users\shout\Desktop\과제\팀폴-귀칼\Demon_Slayer\귀칼\Engine\Bin\DirectXTK.pdb'에서 찾을 수 없습니다. 디버그 정보가 없는 것처럼 개체를 링크합니다.
DirectXTKd.lib(CommonStates.obj) : warning LNK4099: 'DirectXTK.pdb' PDB를 'DirectXTKd.lib(CommonStates.obj)' 또는 'C:\Users\shout\Desktop\과제\팀폴-귀칼\Demon_Slayer\귀칼\Engine\Bin\DirectXTK.pdb'에서 찾을 수 없습니다. 디버그 정보가 없는 것처럼 개체를 링크합니다.
DirectXTKd.lib(DDSTextureLoader.obj) : warning LNK4099: 'DirectXTK.pdb' PDB를 'DirectXTKd.lib(DDSTextureLoader.obj)' 또는 'C:\Users\shout\Desktop\과제\팀폴-귀칼\Demon_Slayer\귀칼\Engine\Bin\DirectXTK.pdb'에서 찾을 수 없습니다. 디버그 정보가 없는 것처럼 개체를 링크합니다.
DirectXTKd.lib(BinaryReader.obj) : warning LNK4099: 'DirectXTK.pdb' PDB를 'DirectXTKd.lib(BinaryReader.obj)' 또는 'C:\Users\shout\Desktop\과제\팀폴-귀칼\Demon_Slayer\귀칼\Engine\Bin\DirectXTK.pdb'에서 찾을 수 없습니다. 디버그 정보가 없는 것처럼 개체를 링크합니다.
DirectXTKd.lib(EffectCommon.obj) : warning LNK4099: 'DirectXTK.pdb' PDB를 'DirectXTKd.lib(EffectCommon.obj)' 또는 'C:\Users\shout\Desktop\과제\팀폴-귀칼\Demon_Slayer\귀칼\Engine\Bin\DirectXTK.pdb'에서 찾을 수 없습니다. 디버그 정보가 없는 것처럼 개체를 링크합니다.
DirectXTKd.lib(pch.obj) : warning LNK4099: 'DirectXTK.pdb' PDB를 'DirectXTKd.lib(pch.obj)' 또는 'C:\Users\shout\Desktop\과제\팀폴-귀칼\Demon_Slayer\귀칼\Engine\Bin\DirectXTK.pdb'에서 찾을 수 없습니다. 디버그 정보가 없는 것처럼 개체를 링크합니다.
DirectXTKd.lib(SpriteBatch.obj) : warning LNK4099: 'DirectXTK.pdb' PDB를 'DirectXTKd.lib(SpriteBatch.obj)' 또는 'C:\Users\shout\Desktop\과제\팀폴-귀칼\Demon_Slayer\귀칼\Engine\Bin\DirectXTK.pdb'에서 찾을 수 없습니다. 디버그 정보가 없는 것처럼 개체를 링크합니다.
DirectXTKd.lib(PrimitiveBatch.obj) : warning LNK4099: 'DirectXTK.pdb' PDB를 'DirectXTKd.lib(PrimitiveBatch.obj)' 또는 'C:\Users\shout\Desktop\과제\팀폴-귀칼\Demon_Slayer\귀칼\Engine\Bin\DirectXTK.pdb'에서 찾을 수 없습니다. 디버그 정보가 없는 것처럼 개체를 링크합니다.
DirectXTKd.lib(SpriteFont.obj) : warning LNK4099: 'DirectXTK.pdb' PDB를 'DirectXTKd.lib(SpriteFont.obj)' 또는 'C:\Users\shout\Desktop\과제\팀폴-귀칼\Demon_Slayer\귀칼\Engine\Bin\DirectXTK.pdb'에서 찾을 수 없습니다. 디버그 정보가 없는 것처럼 개체를 링크합니다.
DirectXTKd.lib(VertexTypes.obj) : warning LNK4099: 'DirectXTK.pdb' PDB를 'DirectXTKd.lib(VertexTypes.obj)' 또는 'C:\Users\shout\Desktop\과제\팀폴-귀칼\Demon_Slayer\귀칼\Engine\Bin\DirectXTK.pdb'에서 찾을 수 없습니다. 디버그 정보가 없는 것처럼 개체를 링크합니다.
DirectXTKd.lib(WICTextureLoader.obj) : warning LNK4099: 'DirectXTK.pdb' PDB를 'DirectXTKd.lib(WICTextureLoader.obj)' 또는 'C:\Users\shout\Desktop\과제\팀폴-귀칼\Demon_Slayer\귀칼\Engine\Bin\DirectXTK.pdb'에서 찾을 수 없습니다. 디버그 정보가 없는 것처럼 개체를 링크합니다.
  Engine.vcxproj -> C:\Users\shout\Desktop\과제\팀폴-귀칼\Demon_Slayer\귀칼\Engine\Default\..\Bin\Engine.dll
  Engine.vcxproj -> ..\Bin\Engine.pdb (Full PDB)
